<?xml version="1.0" encoding="UTF-8"?>
<testng-results ignored="0" total="1" passed="1" failed="0" skipped="0">
  <reporter-output>
  </reporter-output>
  <suite started-at="2024-04-02T16:47:30 IST" name="Default suite" finished-at="2024-04-02T16:47:33 IST" duration-ms="3890">
    <groups>
    </groups>
    <test started-at="2024-04-02T16:47:30 IST" name="Default test" finished-at="2024-04-02T16:47:33 IST" duration-ms="3890">
      <class name="Test.Launch1">
        <test-method signature="logapp()[pri:0, instance:Test.Launch1@63376bed]" started-at="2024-04-02T16:47:30 IST" name="logapp" finished-at="2024-04-02T16:47:33 IST" duration-ms="3855" status="PASS">
          <reporter-output>
          </reporter-output>
        </test-method> <!-- logapp -->
      </class> <!-- Test.Launch1 -->
    </test> <!-- Default test -->
  </suite> <!-- Default suite -->
</testng-results>
